Analysis & Elaboration report for lab5_2
Mon May 01 21:42:50 2023
Quartus Prime Version 18.1.0 Build 625 09/12/2018 SJ Lite Edition


---------------------
; Table of Contents ;
---------------------
  1. Legal Notice
  2. Analysis & Elaboration Summary
  3. Parallel Compilation
  4. Parameter Settings for User Entity Instance: test_memory:mem
  5. Parameter Settings for User Entity Instance: test_memory:mem|memory_parser:parser
  6. Analysis & Elaboration Settings
  7. Port Connectivity Checks: "slc3:slc|mux_2_1_3:DRMUX_unit"
  8. Port Connectivity Checks: "slc3:slc|ALU:ADDRADDER"
  9. Port Connectivity Checks: "slc3:slc|mux_4_1:ADDR2MUX_unit"
 10. Port Connectivity Checks: "slc3:slc|mux_4_1:PCMUX_unit"
 11. Port Connectivity Checks: "slc3:slc"
 12. Analysis & Elaboration Messages
 13. Analysis & Elaboration Suppressed Messages



----------------
; Legal Notice ;
----------------
Copyright (C) 2018  Intel Corporation. All rights reserved.
Your use of Intel Corporation's design tools, logic functions 
and other software and tools, and its AMPP partner logic 
functions, and any output files from any of the foregoing 
(including device programming or simulation files), and any 
associated documentation or information are expressly subject 
to the terms and conditions of the Intel Program License 
Subscription Agreement, the Intel Quartus Prime License Agreement,
the Intel FPGA IP License Agreement, or other applicable license
agreement, including, without limitation, that your use is for
the sole purpose of programming logic devices manufactured by
Intel and sold by Intel or its authorized distributors.  Please
refer to the applicable agreement for further details.



+----------------------------------------------------------------------------------+
; Analysis & Elaboration Summary                                                   ;
+------------------------------------+---------------------------------------------+
; Analysis & Elaboration Status      ; Successful - Mon May 01 21:42:50 2023       ;
; Quartus Prime Version              ; 18.1.0 Build 625 09/12/2018 SJ Lite Edition ;
; Revision Name                      ; lab5_2                                      ;
; Top-level Entity Name              ; slc3_testtop                                ;
; Family                             ; MAX 10                                      ;
; Total logic elements               ; N/A until Partition Merge                   ;
;     Total combinational functions  ; N/A until Partition Merge                   ;
;     Dedicated logic registers      ; N/A until Partition Merge                   ;
; Total registers                    ; N/A until Partition Merge                   ;
; Total pins                         ; N/A until Partition Merge                   ;
; Total virtual pins                 ; N/A until Partition Merge                   ;
; Total memory bits                  ; N/A until Partition Merge                   ;
; Embedded Multiplier 9-bit elements ; N/A until Partition Merge                   ;
; Total PLLs                         ; N/A until Partition Merge                   ;
; UFM blocks                         ; N/A until Partition Merge                   ;
; ADC blocks                         ; N/A until Partition Merge                   ;
+------------------------------------+---------------------------------------------+


+------------------------------------------+
; Parallel Compilation                     ;
+----------------------------+-------------+
; Processors                 ; Number      ;
+----------------------------+-------------+
; Number detected on machine ; 8           ;
; Maximum allowed            ; 4           ;
;                            ;             ;
; Average used               ; 1.00        ;
; Maximum used               ; 1           ;
;                            ;             ;
; Usage by Processor         ; % Time Used ;
;     Processor 1            ; 100.0%      ;
+----------------------------+-------------+


+--------------------------------------------------------------+
; Parameter Settings for User Entity Instance: test_memory:mem ;
+----------------+-------+-------------------------------------+
; Parameter Name ; Value ; Type                                ;
+----------------+-------+-------------------------------------+
; size           ; 256   ; Signed Integer                      ;
; init_external  ; 0     ; Signed Integer                      ;
+----------------+-------+-------------------------------------+
Note: In order to hide this table in the UI and the text report file, please set the "Show Parameter Settings in Synthesis Report" option in "Analysis and Synthesis Settings -> More Settings" to "Off".


+-----------------------------------------------------------------------------------+
; Parameter Settings for User Entity Instance: test_memory:mem|memory_parser:parser ;
+----------------+-------+----------------------------------------------------------+
; Parameter Name ; Value ; Type                                                     ;
+----------------+-------+----------------------------------------------------------+
; size           ; 256   ; Signed Integer                                           ;
+----------------+-------+----------------------------------------------------------+
Note: In order to hide this table in the UI and the text report file, please set the "Show Parameter Settings in Synthesis Report" option in "Analysis and Synthesis Settings -> More Settings" to "Off".


+------------------------------------------------------------------------------------------------------------+
; Analysis & Elaboration Settings                                                                            ;
+------------------------------------------------------------------+--------------------+--------------------+
; Option                                                           ; Setting            ; Default Value      ;
+------------------------------------------------------------------+--------------------+--------------------+
; Device                                                           ; 10M50DAF484C7G     ;                    ;
; Top-level entity name                                            ; slc3_testtop       ; lab5_2             ;
; Family name                                                      ; MAX 10             ; Cyclone V          ;
; Use smart compilation                                            ; Off                ; Off                ;
; Enable parallel Assembler and Timing Analyzer during compilation ; On                 ; On                 ;
; Enable compact report table                                      ; Off                ; Off                ;
; Restructure Multiplexers                                         ; Auto               ; Auto               ;
; Create Debugging Nodes for IP Cores                              ; Off                ; Off                ;
; Preserve fewer node names                                        ; On                 ; On                 ;
; Intel FPGA IP Evaluation Mode                                    ; Enable             ; Enable             ;
; Verilog Version                                                  ; Verilog_2001       ; Verilog_2001       ;
; VHDL Version                                                     ; VHDL_1993          ; VHDL_1993          ;
; State Machine Processing                                         ; Auto               ; Auto               ;
; Safe State Machine                                               ; Off                ; Off                ;
; Extract Verilog State Machines                                   ; On                 ; On                 ;
; Extract VHDL State Machines                                      ; On                 ; On                 ;
; Ignore Verilog initial constructs                                ; Off                ; Off                ;
; Iteration limit for constant Verilog loops                       ; 5000               ; 5000               ;
; Iteration limit for non-constant Verilog loops                   ; 250                ; 250                ;
; Add Pass-Through Logic to Inferred RAMs                          ; On                 ; On                 ;
; Infer RAMs from Raw Logic                                        ; On                 ; On                 ;
; Parallel Synthesis                                               ; On                 ; On                 ;
; DSP Block Balancing                                              ; Auto               ; Auto               ;
; NOT Gate Push-Back                                               ; On                 ; On                 ;
; Power-Up Don't Care                                              ; On                 ; On                 ;
; Remove Redundant Logic Cells                                     ; Off                ; Off                ;
; Remove Duplicate Registers                                       ; On                 ; On                 ;
; Ignore CARRY Buffers                                             ; Off                ; Off                ;
; Ignore CASCADE Buffers                                           ; Off                ; Off                ;
; Ignore GLOBAL Buffers                                            ; Off                ; Off                ;
; Ignore ROW GLOBAL Buffers                                        ; Off                ; Off                ;
; Ignore LCELL Buffers                                             ; Off                ; Off                ;
; Ignore SOFT Buffers                                              ; On                 ; On                 ;
; Limit AHDL Integers to 32 Bits                                   ; Off                ; Off                ;
; Optimization Technique                                           ; Balanced           ; Balanced           ;
; Carry Chain Length                                               ; 70                 ; 70                 ;
; Auto Carry Chains                                                ; On                 ; On                 ;
; Auto Open-Drain Pins                                             ; On                 ; On                 ;
; Perform WYSIWYG Primitive Resynthesis                            ; Off                ; Off                ;
; Auto ROM Replacement                                             ; On                 ; On                 ;
; Auto RAM Replacement                                             ; On                 ; On                 ;
; Auto DSP Block Replacement                                       ; On                 ; On                 ;
; Auto Shift Register Replacement                                  ; Auto               ; Auto               ;
; Allow Shift Register Merging across Hierarchies                  ; Auto               ; Auto               ;
; Auto Clock Enable Replacement                                    ; On                 ; On                 ;
; Strict RAM Replacement                                           ; Off                ; Off                ;
; Allow Synchronous Control Signals                                ; On                 ; On                 ;
; Force Use of Synchronous Clear Signals                           ; Off                ; Off                ;
; Auto RAM Block Balancing                                         ; On                 ; On                 ;
; Auto RAM to Logic Cell Conversion                                ; Off                ; Off                ;
; Auto Resource Sharing                                            ; Off                ; Off                ;
; Allow Any RAM Size For Recognition                               ; Off                ; Off                ;
; Allow Any ROM Size For Recognition                               ; Off                ; Off                ;
; Allow Any Shift Register Size For Recognition                    ; Off                ; Off                ;
; Use LogicLock Constraints during Resource Balancing              ; On                 ; On                 ;
; Ignore translate_off and synthesis_off directives                ; Off                ; Off                ;
; Timing-Driven Synthesis                                          ; On                 ; On                 ;
; Report Parameter Settings                                        ; On                 ; On                 ;
; Report Source Assignments                                        ; On                 ; On                 ;
; Report Connectivity Checks                                       ; On                 ; On                 ;
; Ignore Maximum Fan-Out Assignments                               ; Off                ; Off                ;
; Synchronization Register Chain Length                            ; 2                  ; 2                  ;
; Power Optimization During Synthesis                              ; Normal compilation ; Normal compilation ;
; HDL message level                                                ; Level2             ; Level2             ;
; Suppress Register Optimization Related Messages                  ; Off                ; Off                ;
; Number of Removed Registers Reported in Synthesis Report         ; 5000               ; 5000               ;
; Number of Swept Nodes Reported in Synthesis Report               ; 5000               ; 5000               ;
; Number of Inverted Registers Reported in Synthesis Report        ; 100                ; 100                ;
; Clock MUX Protection                                             ; On                 ; On                 ;
; Auto Gated Clock Conversion                                      ; Off                ; Off                ;
; Block Design Naming                                              ; Auto               ; Auto               ;
; SDC constraint protection                                        ; Off                ; Off                ;
; Synthesis Effort                                                 ; Auto               ; Auto               ;
; Shift Register Replacement - Allow Asynchronous Clear Signal     ; On                 ; On                 ;
; Pre-Mapping Resynthesis Optimization                             ; Off                ; Off                ;
; Analysis & Synthesis Message Level                               ; Medium             ; Medium             ;
; Disable Register Merging Across Hierarchies                      ; Auto               ; Auto               ;
; Resource Aware Inference For Block RAM                           ; On                 ; On                 ;
+------------------------------------------------------------------+--------------------+--------------------+


+-----------------------------------------------------------+
; Port Connectivity Checks: "slc3:slc|mux_2_1_3:DRMUX_unit" ;
+----------+-------+----------+-----------------------------+
; Port     ; Type  ; Severity ; Details                     ;
+----------+-------+----------+-----------------------------+
; data_in0 ; Input ; Info     ; Stuck at VCC                ;
+----------+-------+----------+-----------------------------+


+----------------------------------------------------+
; Port Connectivity Checks: "slc3:slc|ALU:ADDRADDER" ;
+------+-------+----------+--------------------------+
; Port ; Type  ; Severity ; Details                  ;
+------+-------+----------+--------------------------+
; ALUK ; Input ; Info     ; Stuck at GND             ;
+------+-------+----------+--------------------------+


+------------------------------------------------------------+
; Port Connectivity Checks: "slc3:slc|mux_4_1:ADDR2MUX_unit" ;
+----------+-------+----------+------------------------------+
; Port     ; Type  ; Severity ; Details                      ;
+----------+-------+----------+------------------------------+
; data_in0 ; Input ; Info     ; Stuck at GND                 ;
+----------+-------+----------+------------------------------+


+---------------------------------------------------------+
; Port Connectivity Checks: "slc3:slc|mux_4_1:PCMUX_unit" ;
+----------+-------+----------+---------------------------+
; Port     ; Type  ; Severity ; Details                   ;
+----------+-------+----------+---------------------------+
; data_in3 ; Input ; Info     ; Stuck at GND              ;
+----------+-------+----------+---------------------------+


+------------------------------------------------------------------------------------------------------------------------+
; Port Connectivity Checks: "slc3:slc"                                                                                   ;
+--------------+--------+----------+-------------------------------------------------------------------------------------+
; Port         ; Type   ; Severity ; Details                                                                             ;
+--------------+--------+----------+-------------------------------------------------------------------------------------+
; ADDR[15..10] ; Output ; Info     ; Connected to dangling logic. Logic that only feeds a dangling port will be removed. ;
+--------------+--------+----------+-------------------------------------------------------------------------------------+


+---------------------------------+
; Analysis & Elaboration Messages ;
+---------------------------------+
Info: *******************************************************************
Info: Running Quartus Prime Analysis & Elaboration
    Info: Version 18.1.0 Build 625 09/12/2018 SJ Lite Edition
    Info: Processing started: Mon May 01 21:42:27 2023
Info: Command: quartus_map --read_settings_files=on --write_settings_files=off lab5_2 -c lab5_2 --analysis_and_elaboration
Warning (18236): Number of processors has not been specified which may cause overloading on shared machines.  Set the global assignment NUM_PARALLEL_PROCESSORS in your QSF to an appropriate value for best performance.
Info (20030): Parallel compilation is enabled and will use 4 of the 4 processors detected
Info (12021): Found 1 design units, including 1 entities, in source file /personal_stuff/school/ece385/ece_385_yay/lab5_2/flipflop.sv
    Info (12023): Found entity 1: flipflop File: C:/Personal_Stuff/School/ECE385/ece_385_yay/lab5_2/flipflop.sv Line: 1
Info (12021): Found 1 design units, including 1 entities, in source file /personal_stuff/school/ece385/ece_385_yay/lab5_2/ram.v
    Info (12023): Found entity 1: ram File: C:/Personal_Stuff/School/ECE385/ece_385_yay/lab5_2/ram.v Line: 39
Info (12021): Found 1 design units, including 1 entities, in source file /personal_stuff/school/ece385/ece_385_yay/lab5_2/testbench.sv
    Info (12023): Found entity 1: testbench File: C:/Personal_Stuff/School/ECE385/ece_385_yay/lab5_2/testbench.sv Line: 1
Info (12021): Found 1 design units, including 1 entities, in source file /personal_stuff/school/ece385/ece_385_yay/lab5_2/test_memory.sv
    Info (12023): Found entity 1: test_memory File: C:/Personal_Stuff/School/ECE385/ece_385_yay/lab5_2/test_memory.sv Line: 26
Info (12021): Found 3 design units, including 3 entities, in source file /personal_stuff/school/ece385/ece_385_yay/lab5_2/synchronizers.sv
    Info (12023): Found entity 1: sync File: C:/Personal_Stuff/School/ECE385/ece_385_yay/lab5_2/synchronizers.sv Line: 7
    Info (12023): Found entity 2: sync_r0 File: C:/Personal_Stuff/School/ECE385/ece_385_yay/lab5_2/synchronizers.sv Line: 21
    Info (12023): Found entity 3: sync_r1 File: C:/Personal_Stuff/School/ECE385/ece_385_yay/lab5_2/synchronizers.sv Line: 42
Info (12021): Found 1 design units, including 1 entities, in source file /personal_stuff/school/ece385/ece_385_yay/lab5_2/slc3_testtop.sv
    Info (12023): Found entity 1: slc3_testtop File: C:/Personal_Stuff/School/ECE385/ece_385_yay/lab5_2/slc3_testtop.sv Line: 4
Info (12021): Found 1 design units, including 1 entities, in source file /personal_stuff/school/ece385/ece_385_yay/lab5_2/slc3_sramtop.sv
    Info (12023): Found entity 1: slc3_sramtop File: C:/Personal_Stuff/School/ECE385/ece_385_yay/lab5_2/slc3_sramtop.sv Line: 5
Info (12021): Found 1 design units, including 0 entities, in source file /personal_stuff/school/ece385/ece_385_yay/lab5_2/slc3_2.sv
    Info (12022): Found design unit 1: SLC3_2 (SystemVerilog) File: C:/Personal_Stuff/School/ECE385/ece_385_yay/lab5_2/SLC3_2.sv Line: 24
Info (12021): Found 1 design units, including 1 entities, in source file /personal_stuff/school/ece385/ece_385_yay/lab5_2/slc3.sv
    Info (12023): Found entity 1: slc3 File: C:/Personal_Stuff/School/ECE385/ece_385_yay/lab5_2/slc3.sv Line: 19
Info (12021): Found 1 design units, including 1 entities, in source file /personal_stuff/school/ece385/ece_385_yay/lab5_2/register_unit.sv
    Info (12023): Found entity 1: register_unit File: C:/Personal_Stuff/School/ECE385/ece_385_yay/lab5_2/register_unit.sv Line: 1
Info (12021): Found 1 design units, including 1 entities, in source file /personal_stuff/school/ece385/ece_385_yay/lab5_2/reg_16.sv
    Info (12023): Found entity 1: reg_16 File: C:/Personal_Stuff/School/ECE385/ece_385_yay/lab5_2/reg_16.sv Line: 1
Info (12021): Found 1 design units, including 1 entities, in source file /personal_stuff/school/ece385/ece_385_yay/lab5_2/nzp_reg.sv
    Info (12023): Found entity 1: NZP_reg File: C:/Personal_Stuff/School/ECE385/ece_385_yay/lab5_2/NZP_reg.sv Line: 1
Info (12021): Found 1 design units, including 1 entities, in source file /personal_stuff/school/ece385/ece_385_yay/lab5_2/mux_4_4.sv
    Info (12023): Found entity 1: mux_4_4 File: C:/Personal_Stuff/School/ECE385/ece_385_yay/lab5_2/mux_4_4.sv Line: 1
Info (12021): Found 1 design units, including 1 entities, in source file /personal_stuff/school/ece385/ece_385_yay/lab5_2/mux_4_1.sv
    Info (12023): Found entity 1: mux_4_1 File: C:/Personal_Stuff/School/ECE385/ece_385_yay/lab5_2/mux_4_1.sv Line: 1
Info (12021): Found 1 design units, including 1 entities, in source file /personal_stuff/school/ece385/ece_385_yay/lab5_2/mux_2_1_3.sv
    Info (12023): Found entity 1: mux_2_1_3 File: C:/Personal_Stuff/School/ECE385/ece_385_yay/lab5_2/mux_2_1_3.sv Line: 1
Info (12021): Found 1 design units, including 1 entities, in source file /personal_stuff/school/ece385/ece_385_yay/lab5_2/mux_2_1.sv
    Info (12023): Found entity 1: mux_2_1 File: C:/Personal_Stuff/School/ECE385/ece_385_yay/lab5_2/mux_2_1.sv Line: 1
Info (12021): Found 1 design units, including 1 entities, in source file /personal_stuff/school/ece385/ece_385_yay/lab5_2/memory_contents.sv
    Info (12023): Found entity 1: memory_parser File: C:/Personal_Stuff/School/ECE385/ece_385_yay/lab5_2/memory_contents.sv Line: 19
Info (12021): Found 1 design units, including 1 entities, in source file /personal_stuff/school/ece385/ece_385_yay/lab5_2/mem2io.sv
    Info (12023): Found entity 1: Mem2IO File: C:/Personal_Stuff/School/ECE385/ece_385_yay/lab5_2/Mem2IO.sv Line: 16
Info (12021): Found 1 design units, including 1 entities, in source file /personal_stuff/school/ece385/ece_385_yay/lab5_2/isdu.sv
    Info (12023): Found entity 1: ISDU File: C:/Personal_Stuff/School/ECE385/ece_385_yay/lab5_2/ISDU.sv Line: 19
Info (12021): Found 1 design units, including 1 entities, in source file /personal_stuff/school/ece385/ece_385_yay/lab5_2/instantiateram.sv
    Info (12023): Found entity 1: Instantiateram File: C:/Personal_Stuff/School/ECE385/ece_385_yay/lab5_2/Instantiateram.sv Line: 18
Info (12021): Found 1 design units, including 1 entities, in source file /personal_stuff/school/ece385/ece_385_yay/lab5_2/hexdriver.sv
    Info (12023): Found entity 1: HexDriver File: C:/Personal_Stuff/School/ECE385/ece_385_yay/lab5_2/HexDriver.sv Line: 1
Info (12021): Found 1 design units, including 1 entities, in source file /personal_stuff/school/ece385/ece_385_yay/lab5_2/alu.sv
    Info (12023): Found entity 1: ALU File: C:/Personal_Stuff/School/ECE385/ece_385_yay/lab5_2/ALU.sv Line: 1
Info (12127): Elaborating entity "slc3_testtop" for the top level hierarchy
Info (12128): Elaborating entity "sync" for hierarchy "sync:button_sync[0]" File: C:/Personal_Stuff/School/ECE385/ece_385_yay/lab5_2/slc3_testtop.sv Line: 15
Info (12128): Elaborating entity "slc3" for hierarchy "slc3:slc" File: C:/Personal_Stuff/School/ECE385/ece_385_yay/lab5_2/slc3_testtop.sv Line: 29
Warning (10230): Verilog HDL assignment warning at slc3.sv(137): truncated value with size 12 to match size of target (10) File: C:/Personal_Stuff/School/ECE385/ece_385_yay/lab5_2/slc3.sv Line: 137
Info (12128): Elaborating entity "HexDriver" for hierarchy "slc3:slc|HexDriver:hex_drivers[0]" File: C:/Personal_Stuff/School/ECE385/ece_385_yay/lab5_2/slc3.sv Line: 35
Info (12128): Elaborating entity "Mem2IO" for hierarchy "slc3:slc|Mem2IO:memory_subsystem" File: C:/Personal_Stuff/School/ECE385/ece_385_yay/lab5_2/slc3.sv Line: 90
Info (12128): Elaborating entity "mux_2_1" for hierarchy "slc3:slc|mux_2_1:MDRMUX_unit" File: C:/Personal_Stuff/School/ECE385/ece_385_yay/lab5_2/slc3.sv Line: 93
Info (12128): Elaborating entity "reg_16" for hierarchy "slc3:slc|reg_16:MAR_reg" File: C:/Personal_Stuff/School/ECE385/ece_385_yay/lab5_2/slc3.sv Line: 94
Info (12128): Elaborating entity "ISDU" for hierarchy "slc3:slc|ISDU:state_controller" File: C:/Personal_Stuff/School/ECE385/ece_385_yay/lab5_2/slc3.sv Line: 102
Warning (10270): Verilog HDL Case Statement warning at ISDU.sv(155): incomplete case statement has no default case item File: C:/Personal_Stuff/School/ECE385/ece_385_yay/lab5_2/ISDU.sv Line: 155
Info (12128): Elaborating entity "NZP_reg" for hierarchy "slc3:slc|NZP_reg:nzp_reg" File: C:/Personal_Stuff/School/ECE385/ece_385_yay/lab5_2/slc3.sv Line: 104
Info (12128): Elaborating entity "flipflop" for hierarchy "slc3:slc|flipflop:BEN_ff" File: C:/Personal_Stuff/School/ECE385/ece_385_yay/lab5_2/slc3.sv Line: 108
Info (12128): Elaborating entity "mux_4_1" for hierarchy "slc3:slc|mux_4_1:PCMUX_unit" File: C:/Personal_Stuff/School/ECE385/ece_385_yay/lab5_2/slc3.sv Line: 111
Info (12128): Elaborating entity "mux_4_4" for hierarchy "slc3:slc|mux_4_4:BUSMUX" File: C:/Personal_Stuff/School/ECE385/ece_385_yay/lab5_2/slc3.sv Line: 115
Info (10264): Verilog HDL Case Statement information at mux_4_4.sv(14): all case item expressions in this case statement are onehot File: C:/Personal_Stuff/School/ECE385/ece_385_yay/lab5_2/mux_4_4.sv Line: 14
Info (12128): Elaborating entity "ALU" for hierarchy "slc3:slc|ALU:ADDRADDER" File: C:/Personal_Stuff/School/ECE385/ece_385_yay/lab5_2/slc3.sv Line: 121
Info (12128): Elaborating entity "mux_2_1_3" for hierarchy "slc3:slc|mux_2_1_3:DRMUX_unit" File: C:/Personal_Stuff/School/ECE385/ece_385_yay/lab5_2/slc3.sv Line: 126
Info (12128): Elaborating entity "register_unit" for hierarchy "slc3:slc|register_unit:reg_u" File: C:/Personal_Stuff/School/ECE385/ece_385_yay/lab5_2/slc3.sv Line: 129
Info (12128): Elaborating entity "test_memory" for hierarchy "test_memory:mem" File: C:/Personal_Stuff/School/ECE385/ece_385_yay/lab5_2/slc3_testtop.sv Line: 30
Warning (10034): Output port "readout" at test_memory.sv(32) has no driver File: C:/Personal_Stuff/School/ECE385/ece_385_yay/lab5_2/test_memory.sv Line: 32
Info (12128): Elaborating entity "memory_parser" for hierarchy "test_memory:mem|memory_parser:parser" File: C:/Personal_Stuff/School/ECE385/ece_385_yay/lab5_2/test_memory.sv Line: 71
Info (144001): Generated suppressed messages file C:/Personal_Stuff/School/ECE385/Lab5_2/output_files/lab5_2.map.smsg
Info: Quartus Prime Analysis & Elaboration was successful. 0 errors, 4 warnings
    Info: Peak virtual memory: 4717 megabytes
    Info: Processing ended: Mon May 01 21:42:50 2023
    Info: Elapsed time: 00:00:23
    Info: Total CPU time (on all processors): 00:00:27


+--------------------------------------------+
; Analysis & Elaboration Suppressed Messages ;
+--------------------------------------------+
The suppressed messages can be found in C:/Personal_Stuff/School/ECE385/Lab5_2/output_files/lab5_2.map.smsg.


